<?xml version="1.0" encoding="UTF-8"?>
<!-- Generated by org.testng.reporters.JUnitReportReporter -->
<testsuite hostname="GEO" failures="0" tests="1" name="com.qa.testcases.UsersTest" time="21.867" errors="0" timestamp="2021-08-30T17:46:49 IST" skipped="0">
  <testcase classname="com.qa.testcases.UsersTest" name="click" time="21.867"/>
  <system-out/>
</testsuite> <!-- com.qa.testcases.UsersTest -->
