<?xml version="1.0" encoding="UTF-8"?>
<!-- Generated by org.testng.reporters.JUnitReportReporter -->
<testsuite hostname="GEO" failures="0" tests="3" name="com.qa.testcases.LoginTest" time="28.233" errors="0" timestamp="2021-08-27T10:56:06 IST" skipped="0">
  <testcase classname="com.qa.testcases.LoginTest" name="loginPageTitle" time="7.025"/>
  <system-out/>
  <testcase classname="com.qa.testcases.LoginTest" name="logoTest" time="9.411"/>
  <system-out/>
  <testcase classname="com.qa.testcases.LoginTest" name="loginTest" time="11.797"/>
  <system-out/>
</testsuite> <!-- com.qa.testcases.LoginTest -->
